  CREATE_STREAM @0 {NAME:mm2s_short T:Transactions SCOPE:uvm_test_top.env.axi_lite_agt.sequencer STREAM:1377}
  CREATE_STREAM @890000 {NAME:length_seq T:Transactions SCOPE:uvm_test_top.env.axi_lite_agt.sequencer STREAM:2779}
  CREATE_STREAM @1070000 {NAME:axis_read_seq T:Transactions SCOPE:uvm_test_top.env.axis_r_agt.sequencer STREAM:3052}
  CREATE_STREAM @1470000 {NAME:clear_introut_seq T:Transactions SCOPE:uvm_test_top.env.axi_lite_agt.sequencer STREAM:3779}
  CREATE_STREAM @0 {NAME:mm2s_short T:Transactions SCOPE:uvm_test_top.env.axi_lite_agt.sequencer STREAM:1377}
  CREATE_STREAM @890000 {NAME:length_seq T:Transactions SCOPE:uvm_test_top.env.axi_lite_agt.sequencer STREAM:2779}
  CREATE_STREAM @1070000 {NAME:axis_read_seq T:Transactions SCOPE:uvm_test_top.env.axis_r_agt.sequencer STREAM:3052}
  CREATE_STREAM @1470000 {NAME:clear_introut_seq T:Transactions SCOPE:uvm_test_top.env.axi_lite_agt.sequencer STREAM:3779}
  CREATE_STREAM @0 {NAME:mm2s_short T:Transactions SCOPE:uvm_test_top.env.axi_lite_agt.sequencer STREAM:1377}
  CREATE_STREAM @890000 {NAME:length_seq T:Transactions SCOPE:uvm_test_top.env.axi_lite_agt.sequencer STREAM:2869}
  CREATE_STREAM @1070000 {NAME:axis_read_seq T:Transactions SCOPE:uvm_test_top.env.axis_r_agt.sequencer STREAM:3160}
  CREATE_STREAM @1470000 {NAME:clear_introut_seq T:Transactions SCOPE:uvm_test_top.env.axi_lite_agt.sequencer STREAM:3927}
  CREATE_STREAM @0 {NAME:mm2s_short T:Transactions SCOPE:uvm_test_top.env.axi_lite_agt.sequencer STREAM:1377}
  CREATE_STREAM @890000 {NAME:length_seq T:Transactions SCOPE:uvm_test_top.env.axi_lite_agt.sequencer STREAM:2869}
  CREATE_STREAM @1070000 {NAME:axis_read_seq T:Transactions SCOPE:uvm_test_top.env.axis_r_agt.sequencer STREAM:3160}
  CREATE_STREAM @1470000 {NAME:clear_introut_seq T:Transactions SCOPE:uvm_test_top.env.axi_lite_agt.sequencer STREAM:3927}
  CREATE_STREAM @0 {NAME:mm2s_short T:Transactions SCOPE:uvm_test_top.env.axi_lite_agt.sequencer STREAM:1377}
  CREATE_STREAM @890000 {NAME:length_seq T:Transactions SCOPE:uvm_test_top.env.axi_lite_agt.sequencer STREAM:2869}
  CREATE_STREAM @1070000 {NAME:axis_read_seq T:Transactions SCOPE:uvm_test_top.env.axis_r_agt.sequencer STREAM:3160}
  CREATE_STREAM @1470000 {NAME:clear_introut_seq T:Transactions SCOPE:uvm_test_top.env.axi_lite_agt.sequencer STREAM:3927}
  CREATE_STREAM @0 {NAME:mm2s_short T:Transactions SCOPE:uvm_test_top.env.axi_lite_agt.sequencer STREAM:1377}
  CREATE_STREAM @890000 {NAME:length_seq T:Transactions SCOPE:uvm_test_top.env.axi_lite_agt.sequencer STREAM:2869}
  CREATE_STREAM @1070000 {NAME:axis_read_seq T:Transactions SCOPE:uvm_test_top.env.axis_r_agt.sequencer STREAM:3160}
  CREATE_STREAM @1470000 {NAME:clear_introut_seq T:Transactions SCOPE:uvm_test_top.env.axi_lite_agt.sequencer STREAM:3927}
  CREATE_STREAM @0 {NAME:mm2s_short T:Transactions SCOPE:uvm_test_top.env.axi_lite_agt.sequencer STREAM:1377}
  CREATE_STREAM @890000 {NAME:length_seq T:Transactions SCOPE:uvm_test_top.env.axi_lite_agt.sequencer STREAM:2869}
  CREATE_STREAM @1070000 {NAME:axis_read_seq T:Transactions SCOPE:uvm_test_top.env.axis_r_agt.sequencer STREAM:3160}
  CREATE_STREAM @1470000 {NAME:clear_introut_seq T:Transactions SCOPE:uvm_test_top.env.axi_lite_agt.sequencer STREAM:3927}
  CREATE_STREAM @0 {NAME:rand_reg_write_seq T:Transactions SCOPE:uvm_test_top.env.axi_lite_agt.sequencer STREAM:1359}
  CREATE_STREAM @0 {NAME:rand_reg_write_seq T:Transactions SCOPE:uvm_test_top.env.axi_lite_agt.sequencer STREAM:1365}
  CREATE_STREAM @5750000 {NAME:read_all_reg T:Transactions SCOPE:uvm_test_top.env.axi_lite_agt.sequencer STREAM:10003}
  CREATE_STREAM @0 {NAME:rand_reg_write_seq T:Transactions SCOPE:uvm_test_top.env.axi_lite_agt.sequencer STREAM:1365}
  CREATE_STREAM @5750000 {NAME:read_all_reg T:Transactions SCOPE:uvm_test_top.env.axi_lite_agt.sequencer STREAM:10003}
  CREATE_STREAM @0 {NAME:rand_reg_write_seq T:Transactions SCOPE:uvm_test_top.env.axi_lite_agt.sequencer STREAM:1365}
  CREATE_STREAM @5750000 {NAME:read_all_reg T:Transactions SCOPE:uvm_test_top.env.axi_lite_agt.sequencer STREAM:10003}
  CREATE_STREAM @0 {NAME:rand_reg_write_seq T:Transactions SCOPE:uvm_test_top.env.axi_lite_agt.sequencer STREAM:1365}
  CREATE_STREAM @5750000 {NAME:read_all_reg T:Transactions SCOPE:uvm_test_top.env.axi_lite_agt.sequencer STREAM:10003}
  CREATE_STREAM @0 {NAME:rand_reg_write_seq T:Transactions SCOPE:uvm_test_top.env.axi_lite_agt.sequencer STREAM:1365}
  CREATE_STREAM @5750000 {NAME:read_all_reg T:Transactions SCOPE:uvm_test_top.env.axi_lite_agt.sequencer STREAM:10003}
  CREATE_STREAM @0 {NAME:rand_reg_write_seq T:Transactions SCOPE:uvm_test_top.env.axi_lite_agt.sequencer STREAM:1365}
  CREATE_STREAM @5750000 {NAME:read_all_reg T:Transactions SCOPE:uvm_test_top.env.axi_lite_agt.sequencer STREAM:10003}
  CREATE_STREAM @0 {NAME:rand_reg_write_seq T:Transactions SCOPE:uvm_test_top.env.axi_lite_agt.sequencer STREAM:1365}
  CREATE_STREAM @5750000 {NAME:read_all_reg T:Transactions SCOPE:uvm_test_top.env.axi_lite_agt.sequencer STREAM:10003}
  CREATE_STREAM @0 {NAME:rand_reg_write_seq T:Transactions SCOPE:uvm_test_top.env.axi_lite_agt.sequencer STREAM:1365}
  CREATE_STREAM @5750000 {NAME:read_all_reg T:Transactions SCOPE:uvm_test_top.env.axi_lite_agt.sequencer STREAM:10003}
  CREATE_STREAM @0 {NAME:rand_reg_write_seq T:Transactions SCOPE:uvm_test_top.env.axi_lite_agt.sequencer STREAM:1365}
  CREATE_STREAM @5750000 {NAME:read_all_reg T:Transactions SCOPE:uvm_test_top.env.axi_lite_agt.sequencer STREAM:10003}
  CREATE_STREAM @0 {NAME:rand_reg_write_seq T:Transactions SCOPE:uvm_test_top.env.axi_lite_agt.sequencer STREAM:1365}
  CREATE_STREAM @5750000 {NAME:read_all_reg T:Transactions SCOPE:uvm_test_top.env.axi_lite_agt.sequencer STREAM:10003}
  CREATE_STREAM @0 {NAME:rand_reg_write_seq T:Transactions SCOPE:uvm_test_top.env.axi_lite_agt.sequencer STREAM:1365}
  CREATE_STREAM @5750000 {NAME:read_all_reg T:Transactions SCOPE:uvm_test_top.env.axi_lite_agt.sequencer STREAM:10003}
  CREATE_STREAM @0 {NAME:rand_reg_write_seq T:Transactions SCOPE:uvm_test_top.env.axi_lite_agt.sequencer STREAM:1365}
  CREATE_STREAM @5750000 {NAME:read_all_reg T:Transactions SCOPE:uvm_test_top.env.axi_lite_agt.sequencer STREAM:10003}
  CREATE_STREAM @0 {NAME:rand_reg_write_seq T:Transactions SCOPE:uvm_test_top.env.axi_lite_agt.sequencer STREAM:1365}
  CREATE_STREAM @5750000 {NAME:read_all_reg T:Transactions SCOPE:uvm_test_top.env.axi_lite_agt.sequencer STREAM:10003}
  CREATE_STREAM @0 {NAME:rand_reg_write_seq T:Transactions SCOPE:uvm_test_top.env.axi_lite_agt.sequencer STREAM:1365}
  CREATE_STREAM @5750000 {NAME:read_all_reg T:Transactions SCOPE:uvm_test_top.env.axi_lite_agt.sequencer STREAM:10003}
  CREATE_STREAM @0 {NAME:rand_reg_write_seq T:Transactions SCOPE:uvm_test_top.env.axi_lite_agt.sequencer STREAM:1365}
  CREATE_STREAM @5750000 {NAME:read_all_reg T:Transactions SCOPE:uvm_test_top.env.axi_lite_agt.sequencer STREAM:10003}
