INFO: [VRFC 10-2263] Analyzing Verilog file "/home/xe-user106/10x-Engineers/SOC-DV/TCP/axi_dma_verification/rtl/axi_dma_verification_10xe_tcp/axi_dma_verification_10xe_tcp.gen/sources_1/ip/blk_mem_gen_0/sim/blk_mem_gen_0.v" into library xil_defaultlib
INFO: [VRFC 10-311] analyzing module blk_mem_gen_0
INFO: [VRFC 10-2263] Analyzing SystemVerilog file "/home/xe-user106/10x-Engineers/SOC-DV/TCP/axi_dma_verification/verif/params_pkg.sv" into library xil_defaultlib
INFO: [VRFC 10-2263] Analyzing SystemVerilog file "/home/xe-user106/10x-Engineers/SOC-DV/TCP/axi_dma_verification/verif/mem_model_pkg.sv" into library xil_defaultlib
INFO: [VRFC 10-2263] Analyzing SystemVerilog file "/home/xe-user106/10x-Engineers/SOC-DV/TCP/axi_dma_verification/verif/includes/includes.sv" into library xil_defaultlib
INFO: [VRFC 10-2263] Analyzing SystemVerilog file "/home/xe-user106/10x-Engineers/SOC-DV/TCP/axi_dma_verification/verif/configurations/axis_read_agent_config.sv" into library xil_defaultlib
INFO: [VRFC 10-2263] Analyzing SystemVerilog file "/home/xe-user106/10x-Engineers/SOC-DV/TCP/axi_dma_verification/verif/interfaces/clk_rst_io.sv" into library xil_defaultlib
INFO: [VRFC 10-2263] Analyzing SystemVerilog file "/home/xe-user106/10x-Engineers/SOC-DV/TCP/axi_dma_verification/verif/mm2s_uvc/axi_transaction.sv" into library xil_defaultlib
INFO: [VRFC 10-2263] Analyzing SystemVerilog file "/home/xe-user106/10x-Engineers/SOC-DV/TCP/axi_dma_verification/verif/mm2s_uvc/mm2s_driver.sv" into library xil_defaultlib
INFO: [VRFC 10-2263] Analyzing SystemVerilog file "/home/xe-user106/10x-Engineers/SOC-DV/TCP/axi_dma_verification/verif/mm2s_uvc/mm2s_monitor.sv" into library xil_defaultlib
INFO: [VRFC 10-2263] Analyzing SystemVerilog file "/home/xe-user106/10x-Engineers/SOC-DV/TCP/axi_dma_verification/verif/mm2s_uvc/axi_read_agent.sv" into library xil_defaultlib
INFO: [VRFC 10-2263] Analyzing SystemVerilog file "/home/xe-user106/10x-Engineers/SOC-DV/TCP/axi_dma_verification/verif/environment/environment.sv" into library xil_defaultlib
INFO: [VRFC 10-2263] Analyzing SystemVerilog file "/home/xe-user106/10x-Engineers/SOC-DV/TCP/axi_dma_verification/verif/axi_coverage_monitor/axi_monitor.sv" into library xil_defaultlib
INFO: [VRFC 10-2263] Analyzing SystemVerilog file "/home/xe-user106/10x-Engineers/SOC-DV/TCP/axi_dma_verification/verif/interfaces/axis_io.sv" into library xil_defaultlib
INFO: [VRFC 10-2263] Analyzing SystemVerilog file "/home/xe-user106/10x-Engineers/SOC-DV/TCP/axi_dma_verification/verif/ral_model/registers/s2mm_da.sv" into library xil_defaultlib
INFO: [VRFC 10-2263] Analyzing SystemVerilog file "/home/xe-user106/10x-Engineers/SOC-DV/TCP/axi_dma_verification/verif/ral_model/reg_block.sv" into library xil_defaultlib
INFO: [VRFC 10-2263] Analyzing SystemVerilog file "/home/xe-user106/10x-Engineers/SOC-DV/TCP/axi_dma_verification/verif/stream_uvc/axis_sequence.sv" into library xil_defaultlib
INFO: [VRFC 10-2263] Analyzing SystemVerilog file "/home/xe-user106/10x-Engineers/SOC-DV/TCP/axi_dma_verification/verif/stream_uvc/axis_read_monitor.sv" into library xil_defaultlib
INFO: [VRFC 10-2263] Analyzing SystemVerilog file "/home/xe-user106/10x-Engineers/SOC-DV/TCP/axi_dma_verification/verif/stream_uvc/axis_write_driver.sv" into library xil_defaultlib
INFO: [VRFC 10-2263] Analyzing SystemVerilog file "/home/xe-user106/10x-Engineers/SOC-DV/TCP/axi_dma_verification/verif/configurations/axis_write_agent_config.sv" into library xil_defaultlib
INFO: [VRFC 10-2263] Analyzing SystemVerilog file "/home/xe-user106/10x-Engineers/SOC-DV/TCP/axi_dma_verification/verif/environment/coverage_model.sv" into library xil_defaultlib
INFO: [VRFC 10-2263] Analyzing SystemVerilog file "/home/xe-user106/10x-Engineers/SOC-DV/TCP/axi_dma_verification/verif/register_uvc/axi_lite_agent.sv" into library xil_defaultlib
INFO: [VRFC 10-2263] Analyzing SystemVerilog file "/home/xe-user106/10x-Engineers/SOC-DV/TCP/axi_dma_verification/verif/stream_uvc/axis_write_agent.sv" into library xil_defaultlib
INFO: [VRFC 10-2263] Analyzing SystemVerilog file "/home/xe-user106/10x-Engineers/SOC-DV/TCP/axi_dma_verification/verif/stream_uvc/axis_read_agent.sv" into library xil_defaultlib
INFO: [VRFC 10-2263] Analyzing SystemVerilog file "/home/xe-user106/10x-Engineers/SOC-DV/TCP/axi_dma_verification/verif/stream_uvc/axis_read_driver.sv" into library xil_defaultlib
INFO: [VRFC 10-2263] Analyzing SystemVerilog file "/home/xe-user106/10x-Engineers/SOC-DV/TCP/axi_dma_verification/verif/tests/testlib.sv" into library xil_defaultlib
INFO: [VRFC 10-2263] Analyzing SystemVerilog file "/home/xe-user106/10x-Engineers/SOC-DV/TCP/axi_dma_verification/verif/ral_model/registers/mm2s_sa.sv" into library xil_defaultlib
INFO: [VRFC 10-2263] Analyzing SystemVerilog file "/home/xe-user106/10x-Engineers/SOC-DV/TCP/axi_dma_verification/verif/ral_model/registers/mm2s_dmacr.sv" into library xil_defaultlib
INFO: [VRFC 10-2263] Analyzing SystemVerilog file "/home/xe-user106/10x-Engineers/SOC-DV/TCP/axi_dma_verification/verif/ral_model/registers/s2mm_da_msb.sv" into library xil_defaultlib
INFO: [VRFC 10-2263] Analyzing SystemVerilog file "/home/xe-user106/10x-Engineers/SOC-DV/TCP/axi_dma_verification/verif/register_uvc/reg_transaction.sv" into library xil_defaultlib
INFO: [VRFC 10-2263] Analyzing SystemVerilog file "/home/xe-user106/10x-Engineers/SOC-DV/TCP/axi_dma_verification/verif/configurations/environment_config.sv" into library xil_defaultlib
INFO: [VRFC 10-2263] Analyzing SystemVerilog file "/home/xe-user106/10x-Engineers/SOC-DV/TCP/axi_dma_verification/verif/ral_model/registers/mm2s_sa_msb.sv" into library xil_defaultlib
INFO: [VRFC 10-2263] Analyzing SystemVerilog file "/home/xe-user106/10x-Engineers/SOC-DV/TCP/axi_dma_verification/verif/register_uvc/axi_lite_driver.sv" into library xil_defaultlib
INFO: [VRFC 10-2263] Analyzing SystemVerilog file "/home/xe-user106/10x-Engineers/SOC-DV/TCP/axi_dma_verification/verif/register_uvc/reg_sequence.sv" into library xil_defaultlib
INFO: [VRFC 10-2263] Analyzing SystemVerilog file "/home/xe-user106/10x-Engineers/SOC-DV/TCP/axi_dma_verification/verif/stream_uvc/axis_write_monitor.sv" into library xil_defaultlib
INFO: [VRFC 10-2263] Analyzing SystemVerilog file "/home/xe-user106/10x-Engineers/SOC-DV/TCP/axi_dma_verification/verif/interfaces/axi_io.sv" into library xil_defaultlib
INFO: [VRFC 10-2263] Analyzing SystemVerilog file "/home/xe-user106/10x-Engineers/SOC-DV/TCP/axi_dma_verification/verif/ral_model/registers/mm2s_length.sv" into library xil_defaultlib
INFO: [VRFC 10-2263] Analyzing SystemVerilog file "/home/xe-user106/10x-Engineers/SOC-DV/TCP/axi_dma_verification/verif/ral_model/registers/s2mm_dmacr.sv" into library xil_defaultlib
INFO: [VRFC 10-2263] Analyzing SystemVerilog file "/home/xe-user106/10x-Engineers/SOC-DV/TCP/axi_dma_verification/verif/environment/scoreboard.sv" into library xil_defaultlib
INFO: [VRFC 10-2263] Analyzing SystemVerilog file "/home/xe-user106/10x-Engineers/SOC-DV/TCP/axi_dma_verification/verif/ral_model/registers/s2mm_length.sv" into library xil_defaultlib
INFO: [VRFC 10-2263] Analyzing SystemVerilog file "/home/xe-user106/10x-Engineers/SOC-DV/TCP/axi_dma_verification/verif/interfaces/s_axi_lite_io.sv" into library xil_defaultlib
INFO: [VRFC 10-2263] Analyzing SystemVerilog file "/home/xe-user106/10x-Engineers/SOC-DV/TCP/axi_dma_verification/verif/ral_model/axi_lite_adapter.sv" into library xil_defaultlib
INFO: [VRFC 10-2263] Analyzing SystemVerilog file "/home/xe-user106/10x-Engineers/SOC-DV/TCP/axi_dma_verification/verif/register_uvc/axi_lite_monitor.sv" into library xil_defaultlib
INFO: [VRFC 10-2263] Analyzing SystemVerilog file "/home/xe-user106/10x-Engineers/SOC-DV/TCP/axi_dma_verification/verif/ral_model/registers/mm2s_dmasr.sv" into library xil_defaultlib
INFO: [VRFC 10-2263] Analyzing SystemVerilog file "/home/xe-user106/10x-Engineers/SOC-DV/TCP/axi_dma_verification/verif/ral_model/registers/s2mm_dmasr.sv" into library xil_defaultlib
INFO: [VRFC 10-2263] Analyzing SystemVerilog file "/home/xe-user106/10x-Engineers/SOC-DV/TCP/axi_dma_verification/verif/mem_model.sv" into library xil_defaultlib
INFO: [VRFC 10-2263] Analyzing SystemVerilog file "/home/xe-user106/10x-Engineers/SOC-DV/TCP/axi_dma_verification/verif/register_uvc/axi_lite_sequencer.sv" into library xil_defaultlib
INFO: [VRFC 10-2263] Analyzing SystemVerilog file "/home/xe-user106/10x-Engineers/SOC-DV/TCP/axi_dma_verification/verif/top/axi_dma_tb_top.sv" into library xil_defaultlib
INFO: [VRFC 10-311] analyzing module axi_dma_tb_top
INFO: [VRFC 10-2263] Analyzing SystemVerilog file "/home/xe-user106/10x-Engineers/SOC-DV/TCP/axi_dma_verification/verif/top/instantiation.sv" into library xil_defaultlib
INFO: [VRFC 10-2263] Analyzing SystemVerilog file "/home/xe-user106/10x-Engineers/SOC-DV/TCP/axi_dma_verification/verif/stream_uvc/axis_transaction.sv" into library xil_defaultlib
INFO: [VRFC 10-2263] Analyzing SystemVerilog file "/home/xe-user106/10x-Engineers/SOC-DV/TCP/axi_dma_verification/verif/mm2s_uvc/axi_sequence.sv" into library xil_defaultlib
INFO: [VRFC 10-2263] Analyzing Verilog file "/home/xe-user106/10x-Engineers/SOC-DV/TCP/axi_dma_verification/rtl/axi_dma_verification_10xe_tcp/axi_dma_verification_10xe_tcp.sim/sim_1/behav/xsim/glbl.v" into library xil_defaultlib
INFO: [VRFC 10-311] analyzing module glbl
